<?xml version="1.0" encoding="UTF-8"?>
<testng-results skipped="0" failed="0" total="1" passed="1">
  <reporter-output>
  </reporter-output>
  <suite name="BusinessTest.AppTest" duration-ms="13" started-at="2016-07-19T10:31:38Z" finished-at="2016-07-19T10:31:38Z">
    <groups>
    </groups>
    <test name="Command line test" duration-ms="13" started-at="2016-07-19T10:31:38Z" finished-at="2016-07-19T10:31:38Z">
      <class name="BusinessTest.AppTest">
        <test-method status="PASS" signature="f()[pri:0, instance:BusinessTest.AppTest@71c7db30]" name="f" duration-ms="5" started-at="2016-07-19T16:01:38Z" finished-at="2016-07-19T16:01:38Z">
          <reporter-output>
          </reporter-output>
        </test-method> <!-- f -->
      </class> <!-- BusinessTest.AppTest -->
    </test> <!-- Command line test -->
  </suite> <!-- BusinessTest.AppTest -->
</testng-results>
